0 info it worked if it ends with ok
1 verbose cli [ 'node', '/usr/local/bin/npm', 'install', '-g', 'ember-cli' ]
2 info using npm@1.4.28
3 info using node@v0.10.35
4 verbose cache add [ 'ember-cli', null ]
5 verbose cache add name=undefined spec="ember-cli" args=["ember-cli",null]
6 verbose parsed url { protocol: null,
6 verbose parsed url   slashes: null,
6 verbose parsed url   auth: null,
6 verbose parsed url   host: null,
6 verbose parsed url   port: null,
6 verbose parsed url   hostname: null,
6 verbose parsed url   hash: null,
6 verbose parsed url   search: null,
6 verbose parsed url   query: null,
6 verbose parsed url   pathname: 'ember-cli',
6 verbose parsed url   path: 'ember-cli',
6 verbose parsed url   href: 'ember-cli' }
7 silly lockFile 63e15bd3-ember-cli ember-cli
8 verbose lock ember-cli /Users/tjackson/.npm/63e15bd3-ember-cli.lock
9 silly lockFile 63e15bd3-ember-cli ember-cli
10 silly lockFile 63e15bd3-ember-cli ember-cli
11 verbose addNamed [ 'ember-cli', '' ]
12 verbose addNamed [ null, '*' ]
13 silly lockFile 1645c26a-ember-cli ember-cli@
14 verbose lock ember-cli@ /Users/tjackson/.npm/1645c26a-ember-cli.lock
15 silly addNameRange { name: 'ember-cli', range: '*', hasData: false }
16 verbose request where is /ember-cli
17 verbose request registry https://registry.npmjs.org/
18 verbose request id e06b0e23600584a2
19 verbose url raw /ember-cli
20 verbose url resolving [ 'https://registry.npmjs.org/', './ember-cli' ]
21 verbose url resolved https://registry.npmjs.org/ember-cli
22 verbose request where is https://registry.npmjs.org/ember-cli
23 info trying registry request attempt 1 at 12:15:49
24 http GET https://registry.npmjs.org/ember-cli
25 http 200 https://registry.npmjs.org/ember-cli
26 silly registry.get cb [ 200,
26 silly registry.get   { server: 'CouchDB/1.5.0 (Erlang OTP/R16B03)',
26 silly registry.get     etag: '"EB2X4SMLEB6D2GXS0FPBVYUVG"',
26 silly registry.get     'content-type': 'application/json',
26 silly registry.get     'cache-control': 'max-age=60',
26 silly registry.get     'content-length': '202333',
26 silly registry.get     'accept-ranges': 'bytes',
26 silly registry.get     date: 'Mon, 25 May 2015 16:15:48 GMT',
26 silly registry.get     via: '1.1 varnish',
26 silly registry.get     age: '47',
26 silly registry.get     connection: 'keep-alive',
26 silly registry.get     'x-served-by': 'cache-iad2143-IAD',
26 silly registry.get     'x-cache': 'HIT',
26 silly registry.get     'x-cache-hits': '1',
26 silly registry.get     'x-timer': 'S1432570548.831437,VS0,VE1',
26 silly registry.get     vary: 'Accept' } ]
27 silly addNameRange number 2 { name: 'ember-cli', range: '*', hasData: true }
28 silly addNameRange versions [ 'ember-cli',
28 silly addNameRange   [ '0.0.0',
28 silly addNameRange     '0.0.1',
28 silly addNameRange     '0.0.2',
28 silly addNameRange     '0.0.3',
28 silly addNameRange     '0.0.4',
28 silly addNameRange     '0.0.5',
28 silly addNameRange     '0.0.6',
28 silly addNameRange     '0.0.7',
28 silly addNameRange     '0.0.8',
28 silly addNameRange     '0.0.9',
28 silly addNameRange     '0.0.10',
28 silly addNameRange     '0.0.11',
28 silly addNameRange     '0.0.12',
28 silly addNameRange     '0.0.13',
28 silly addNameRange     '0.0.14',
28 silly addNameRange     '0.0.15',
28 silly addNameRange     '0.0.16',
28 silly addNameRange     '0.0.18',
28 silly addNameRange     '0.0.19',
28 silly addNameRange     '0.0.20',
28 silly addNameRange     '0.0.21',
28 silly addNameRange     '0.0.22',
28 silly addNameRange     '0.0.23',
28 silly addNameRange     '0.0.24',
28 silly addNameRange     '0.0.25',
28 silly addNameRange     '0.0.27',
28 silly addNameRange     '0.0.28',
28 silly addNameRange     '0.0.29',
28 silly addNameRange     '0.0.32',
28 silly addNameRange     '0.0.33',
28 silly addNameRange     '0.0.34',
28 silly addNameRange     '0.0.35',
28 silly addNameRange     '0.0.36',
28 silly addNameRange     '0.0.37',
28 silly addNameRange     '0.0.38',
28 silly addNameRange     '0.0.39',
28 silly addNameRange     '0.0.40',
28 silly addNameRange     '0.0.41',
28 silly addNameRange     '0.0.42',
28 silly addNameRange     '0.0.43',
28 silly addNameRange     '0.0.44',
28 silly addNameRange     '0.0.45',
28 silly addNameRange     '0.0.46',
28 silly addNameRange     '0.0.47',
28 silly addNameRange     '0.1.0',
28 silly addNameRange     '0.1.1',
28 silly addNameRange     '0.1.2',
28 silly addNameRange     '0.1.3',
28 silly addNameRange     '0.1.4',
28 silly addNameRange     '0.1.5',
28 silly addNameRange     '0.1.6',
28 silly addNameRange     '0.1.7',
28 silly addNameRange     '0.1.8',
28 silly addNameRange     '0.1.9',
28 silly addNameRange     '0.1.10',
28 silly addNameRange     '0.1.11',
28 silly addNameRange     '0.1.12',
28 silly addNameRange     '0.1.13',
28 silly addNameRange     '0.1.14',
28 silly addNameRange     '0.1.15',
28 silly addNameRange     '0.2.0-beta.1',
28 silly addNameRange     '0.2.0',
28 silly addNameRange     '0.2.1',
28 silly addNameRange     '0.2.2',
28 silly addNameRange     '0.2.3',
28 silly addNameRange     '0.2.4',
28 silly addNameRange     '0.2.5' ] ]
29 verbose addNamed [ 'ember-cli', '0.2.5' ]
30 verbose addNamed [ '0.2.5', '0.2.5' ]
31 silly lockFile c321467e-ember-cli-0-2-5 ember-cli@0.2.5
32 verbose lock ember-cli@0.2.5 /Users/tjackson/.npm/c321467e-ember-cli-0-2-5.lock
33 silly lockFile a05f3bfd-rg-ember-cli-ember-cli-0-2-5-tgz https://registry.npmjs.org/ember-cli/-/ember-cli-0.2.5.tgz
34 verbose lock https://registry.npmjs.org/ember-cli/-/ember-cli-0.2.5.tgz /Users/tjackson/.npm/a05f3bfd-rg-ember-cli-ember-cli-0-2-5-tgz.lock
35 verbose addRemoteTarball [ 'https://registry.npmjs.org/ember-cli/-/ember-cli-0.2.5.tgz',
35 verbose addRemoteTarball   'a51ef0a5e98b5edb35d812fc9f0dd637baa15d90' ]
36 info retry fetch attempt 1 at 12:15:50
37 verbose fetch to= /var/folders/53/kyjyq895265_ywvslhdm3ldh0000gn/T/npm-2243-HyeCOZXP/registry.npmjs.org/ember-cli/-/ember-cli-0.2.5.tgz
38 http GET https://registry.npmjs.org/ember-cli/-/ember-cli-0.2.5.tgz
39 http 200 https://registry.npmjs.org/ember-cli/-/ember-cli-0.2.5.tgz
40 silly lockFile a05f3bfd-rg-ember-cli-ember-cli-0-2-5-tgz https://registry.npmjs.org/ember-cli/-/ember-cli-0.2.5.tgz
41 silly lockFile a05f3bfd-rg-ember-cli-ember-cli-0-2-5-tgz https://registry.npmjs.org/ember-cli/-/ember-cli-0.2.5.tgz
42 silly lockFile c321467e-ember-cli-0-2-5 ember-cli@0.2.5
43 silly lockFile c321467e-ember-cli-0-2-5 ember-cli@0.2.5
44 silly lockFile 1645c26a-ember-cli ember-cli@
45 silly lockFile 1645c26a-ember-cli ember-cli@
46 silly resolved [ { name: 'ember-cli',
46 silly resolved     version: '0.2.5',
46 silly resolved     main: 'lib/cli/index.js',
46 silly resolved     description: 'Command line tool for developing ambitious ember.js apps',
46 silly resolved     trackingCode: 'UA-49225444-1',
46 silly resolved     bin: { ember: './bin/ember' },
46 silly resolved     scripts:
46 silly resolved      { docs: 'node bin/generate-docs.js',
46 silly resolved        test: 'node tests/runner',
46 silly resolved        'test:debug': 'node debug tests/runner',
46 silly resolved        'test-all': 'node tests/runner all',
46 silly resolved        'test-all:debug': 'node debug tests/runner all',
46 silly resolved        'test-all:cover': 'istanbul cover tests/runner.js all' },
46 silly resolved     repository:
46 silly resolved      { type: 'git',
46 silly resolved        url: 'https://github.com/ember-cli/ember-cli.git' },
46 silly resolved     engines: { node: '>= 0.10.0' },
46 silly resolved     keywords:
46 silly resolved      [ 'ember.js',
46 silly resolved        'ember',
46 silly resolved        'cli',
46 silly resolved        'app',
46 silly resolved        'kit',
46 silly resolved        'app-kit',
46 silly resolved        'ember-app-kit' ],
46 silly resolved     author: { name: 'Stefan Penner, Robert Jackson and ember-cli contributors' },
46 silly resolved     license: 'MIT',
46 silly resolved     bugs: { url: 'https://github.com/ember-cli/ember-cli/issues' },
46 silly resolved     dependencies:
46 silly resolved      { abbrev: '^1.0.5',
46 silly resolved        bower: '^1.3.12',
46 silly resolved        'bower-config': '0.5.2',
46 silly resolved        broccoli: '0.15.4',
46 silly resolved        'broccoli-caching-writer': '0.5.5',
46 silly resolved        'broccoli-clean-css': '0.2.0',
46 silly resolved        'broccoli-es3-safe-recast': '^2.0.0',
46 silly resolved        'broccoli-es6modules': '^0.6.0',
46 silly resolved        'broccoli-filter': '0.1.12',
46 silly resolved        'broccoli-funnel': '0.2.2',
46 silly resolved        'broccoli-kitchen-sink-helpers': '0.2.6',
46 silly resolved        'broccoli-merge-trees': '0.2.1',
46 silly resolved        'broccoli-sane-watcher': '^1.1.1',
46 silly resolved        'broccoli-sourcemap-concat': '^0.4.3',
46 silly resolved        'broccoli-unwatched-tree': '0.1.1',
46 silly resolved        'broccoli-writer': '0.1.1',
46 silly resolved        chalk: '1.0.0',
46 silly resolved        'concat-stream': '^1.4.7',
46 silly resolved        configstore: '0.3.2',
46 silly resolved        'core-object': '0.0.2',
46 silly resolved        debug: '^2.1.3',
46 silly resolved        diff: '^1.3.1',
46 silly resolved        'ember-cli-copy-dereference': '^1.0.0',
46 silly resolved        'ember-router-generator': '^1.0.0',
46 silly resolved        'escape-string-regexp': '^1.0.3',
46 silly resolved        exit: '^0.1.2',
46 silly resolved        express: '^4.12.3',
46 silly resolved        findup: '0.1.5',
46 silly resolved        'fs-extra': '0.16.5',
46 silly resolved        'git-repo-info': '^1.0.4',
46 silly resolved        github: '^0.2.3',
46 silly resolved        glob: '5.0.3',
46 silly resolved        'http-proxy': '^1.9.0',
46 silly resolved        inflection: '^1.7.0',
46 silly resolved        inquirer: '0.5.1',
46 silly resolved        'is-git-url': '^0.2.0',
46 silly resolved        'js-string-escape': '^1.0.0',
46 silly resolved        leek: '0.0.18',
46 silly resolved        lodash: '^3.6.0',
46 silly resolved        'markdown-it': '4.0.3',
46 silly resolved        'markdown-it-terminal': '0.0.2',
46 silly resolved        minimatch: '^2.0.4',
46 silly resolved        morgan: '^1.5.2',
46 silly resolved        'node-uuid': '^1.4.3',
46 silly resolved        nopt: '^3.0.1',
46 silly resolved        npm: '^2.7.6',
46 silly resolved        'pleasant-progress': '^1.0.2',
46 silly resolved        'promise-map-series': '^0.2.1',
46 silly resolved        'proxy-middleware': '0.11.0',
46 silly resolved        'quick-temp': '0.1.2',
46 silly resolved        readline2: '0.1.1',
46 silly resolved        resolve: '^1.1.6',
46 silly resolved        rimraf: '2.3.2',
46 silly resolved        rsvp: '^3.0.17',
46 silly resolved        sane: '^1.1.1',
46 silly resolved        semver: '^4.3.3',
46 silly resolved        'strip-ansi': '^2.0.1',
46 silly resolved        'symlink-or-copy': '^1.0.1',
46 silly resolved        temp: '0.8.1',
46 silly resolved        testem: '^0.8.3',
46 silly resolved        through: '^2.3.6',
46 silly resolved        'tiny-lr': '0.1.5',
46 silly resolved        'walk-sync': '0.1.3',
46 silly resolved        yam: '0.0.18' },
46 silly resolved     devDependencies:
46 silly resolved      { chai: '^2.1.2',
46 silly resolved        'chai-as-promised': '^4.3.0',
46 silly resolved        'codeclimate-test-reporter': '0.0.4',
46 silly resolved        coveralls: '^2.11.2',
46 silly resolved        'ember-cli-ncp': '1.0.2',
46 silly resolved        istanbul: '^0.3.13',
46 silly resolved        mocha: '^2.2.1',
46 silly resolved        'mocha-jshint': '1.0.0',
46 silly resolved        multiline: '^1.0.2',
46 silly resolved        nock: '^1.2.1',
46 silly resolved        'node-require-timings': '0.0.2',
46 silly resolved        supertest: '0.15.0',
46 silly resolved        'tmp-sync': '^1.0.1',
46 silly resolved        yuidocjs: '0.6.0' },
46 silly resolved     homepage: 'https://github.com/ember-cli/ember-cli',
46 silly resolved     bundleDependencies:
46 silly resolved      [ 'bower',
46 silly resolved        'bower-config',
46 silly resolved        'broccoli',
46 silly resolved        'broccoli-clean-css',
46 silly resolved        'chalk',
46 silly resolved        'concat-stream',
46 silly resolved        'configstore',
46 silly resolved        'diff',
46 silly resolved        'express',
46 silly resolved        'findup',
46 silly resolved        'fs-extra',
46 silly resolved        'git-repo-info',
46 silly resolved        'glob',
46 silly resolved        'inflection',
46 silly resolved        'inquirer',
46 silly resolved        'leek',
46 silly resolved        'lodash',
46 silly resolved        'minimatch',
46 silly resolved        'morgan',
46 silly resolved        'node-uuid',
46 silly resolved        'nopt',
46 silly resolved        'npm',
46 silly resolved        'proxy-middleware',
46 silly resolved        'quick-temp',
46 silly resolved        'readline2',
46 silly resolved        'resolve',
46 silly resolved        'through',
46 silly resolved        'tiny-lr' ],
46 silly resolved     _id: 'ember-cli@0.2.5',
46 silly resolved     _shasum: 'a51ef0a5e98b5edb35d812fc9f0dd637baa15d90',
46 silly resolved     _resolved: 'https://registry.npmjs.org/ember-cli/-/ember-cli-0.2.5.tgz',
46 silly resolved     _from: 'ember-cli@',
46 silly resolved     _npmVersion: '2.7.4',
46 silly resolved     _nodeVersion: '0.12.2',
46 silly resolved     _npmUser: { name: 'abuiles', email: 'builes.adolfo@gmail.com' },
46 silly resolved     maintainers:
46 silly resolved      [ [Object],
46 silly resolved        [Object],
46 silly resolved        [Object],
46 silly resolved        [Object],
46 silly resolved        [Object],
46 silly resolved        [Object],
46 silly resolved        [Object],
46 silly resolved        [Object],
46 silly resolved        [Object] ],
46 silly resolved     dist:
46 silly resolved      { shasum: 'a51ef0a5e98b5edb35d812fc9f0dd637baa15d90',
46 silly resolved        tarball: 'http://registry.npmjs.org/ember-cli/-/ember-cli-0.2.5.tgz' },
46 silly resolved     directories: {} } ]
47 info install ember-cli@0.2.5 into /usr/local/lib
48 info installOne ember-cli@0.2.5
49 verbose lib/node_modules/ember-cli unbuild
50 verbose tar unpack /Users/tjackson/.npm/ember-cli/0.2.5/package.tgz
51 silly lockFile 27815105-local-lib-node-modules-ember-cli tar:///usr/local/lib/node_modules/ember-cli
52 verbose lock tar:///usr/local/lib/node_modules/ember-cli /Users/tjackson/.npm/27815105-local-lib-node-modules-ember-cli.lock
53 silly lockFile 13694dc7--npm-ember-cli-0-2-5-package-tgz tar:///Users/tjackson/.npm/ember-cli/0.2.5/package.tgz
54 verbose lock tar:///Users/tjackson/.npm/ember-cli/0.2.5/package.tgz /Users/tjackson/.npm/13694dc7--npm-ember-cli-0-2-5-package-tgz.lock
55 silly gunzTarPerm modes [ '755', '644' ]
56 error Error: EACCES, mkdir '/usr/local/lib/node_modules/ember-cli'
56 error  { [Error: EACCES, mkdir '/usr/local/lib/node_modules/ember-cli']
56 error   errno: 3,
56 error   code: 'EACCES',
56 error   path: '/usr/local/lib/node_modules/ember-cli',
56 error   fstream_type: 'Directory',
56 error   fstream_path: '/usr/local/lib/node_modules/ember-cli',
56 error   fstream_class: 'DirWriter',
56 error   fstream_stack:
56 error    [ '/usr/local/lib/node_modules/npm/node_modules/fstream/lib/dir-writer.js:36:23',
56 error      '/usr/local/lib/node_modules/npm/node_modules/mkdirp/index.js:46:53',
56 error      'Object.oncomplete (fs.js:108:15)' ] }
57 error Please try running this command again as root/Administrator.
58 error System Darwin 14.3.0
59 error command "node" "/usr/local/bin/npm" "install" "-g" "ember-cli"
60 error cwd /Users/tjackson/Documents/GIT/angular/wk4
61 error node -v v0.10.35
62 error npm -v 1.4.28
63 error path /usr/local/lib/node_modules/ember-cli
64 error fstream_path /usr/local/lib/node_modules/ember-cli
65 error fstream_type Directory
66 error fstream_class DirWriter
67 error code EACCES
68 error errno 3
69 error stack Error: EACCES, mkdir '/usr/local/lib/node_modules/ember-cli'
70 error fstream_stack /usr/local/lib/node_modules/npm/node_modules/fstream/lib/dir-writer.js:36:23
70 error fstream_stack /usr/local/lib/node_modules/npm/node_modules/mkdirp/index.js:46:53
70 error fstream_stack Object.oncomplete (fs.js:108:15)
71 verbose exit [ 3, true ]
